app/build/intermediates/manifest_merge_blame_file/debug/manifest-merger-blame-debug-report.txt
1<?xml version="1.0" encoding="utf-8"?>
2<manifest xmlns:android="http://schemas.android.com/apk/res/android"
3    package="com.videogenerator"
4    android:versionCode="1"
5    android:versionName="1.0" >
6
7    <uses-sdk
8        android:minSdkVersion="26"
9        android:targetSdkVersion="34" />
10
11    <uses-permission
11-->src/main/AndroidManifest.xml:5:5-6:38
12        android:name="android.permission.READ_EXTERNAL_STORAGE"
12-->src/main/AndroidManifest.xml:5:22-77
13        android:maxSdkVersion="32" />
13-->src/main/AndroidManifest.xml:6:9-35
14    <uses-permission android:name="android.permission.READ_MEDIA_VIDEO" />
14-->src/main/AndroidManifest.xml:7:5-75
14-->src/main/AndroidManifest.xml:7:22-72
15    <uses-permission android:name="android.permission.READ_MEDIA_IMAGES" />
15-->src/main/AndroidManifest.xml:8:5-76
15-->src/main/AndroidManifest.xml:8:22-73
16    <uses-permission
16-->src/main/AndroidManifest.xml:9:5-10:38
17        android:name="android.permission.WRITE_EXTERNAL_STORAGE"
17-->src/main/AndroidManifest.xml:9:22-78
18        android:maxSdkVersion="28" />
18-->src/main/AndroidManifest.xml:10:9-35
19    <uses-permission android:name="android.permission.FOREGROUND_SERVICE" />
19-->src/main/AndroidManifest.xml:11:5-77
19-->src/main/AndroidManifest.xml:11:22-74
20    <uses-permission android:name="android.permission.POST_NOTIFICATIONS" />
20-->src/main/AndroidManifest.xml:12:5-77
20-->src/main/AndroidManifest.xml:12:22-74
21    <uses-permission android:name="android.permission.MANAGE_EXTERNAL_STORAGE" />
21-->src/main/AndroidManifest.xml:13:5-14:40
21-->src/main/AndroidManifest.xml:13:22-79
22    <uses-permission android:name="android.permission.WAKE_LOCK" />
22-->[androidx.work:work-runtime:2.9.0] AndroidManifest.xml:23:5-68
22-->[androidx.work:work-runtime:2.9.0] AndroidManifest.xml:23:22-65
23    <uses-permission android:name="android.permission.ACCESS_NETWORK_STATE" />
23-->[androidx.work:work-runtime:2.9.0] AndroidManifest.xml:24:5-79
23-->[androidx.work:work-runtime:2.9.0] AndroidManifest.xml:24:22-76
24    <uses-permission android:name="android.permission.RECEIVE_BOOT_COMPLETED" />
24-->[androidx.work:work-runtime:2.9.0] AndroidManifest.xml:25:5-81
24-->[androidx.work:work-runtime:2.9.0] AndroidManifest.xml:25:22-78
25
26    <permission
26-->[androidx.core:core:1.12.0] AndroidManifest.xml:22:5-24:47
27        android:name="com.videogenerator.DYNAMIC_RECEIVER_NOT_EXPORTED_PERMISSION"
27-->[androidx.core:core:1.12.0] AndroidManifest.xml:23:9-81
28        android:protectionLevel="signature" />
28-->[androidx.core:core:1.12.0] AndroidManifest.xml:24:9-44
29
30    <uses-permission android:name="com.videogenerator.DYNAMIC_RECEIVER_NOT_EXPORTED_PERMISSION" />
30-->[androidx.core:core:1.12.0] AndroidManifest.xml:26:5-97
30-->[androidx.core:core:1.12.0] AndroidManifest.xml:26:22-94
31
32    <application
32-->src/main/AndroidManifest.xml:16:5-53:19
33        android:name="com.videogenerator.VideoGeneratorApp"
33-->src/main/AndroidManifest.xml:17:9-42
34        android:allowBackup="true"
34-->src/main/AndroidManifest.xml:18:9-35
35        android:appComponentFactory="androidx.core.app.CoreComponentFactory"
35-->[androidx.core:core:1.12.0] AndroidManifest.xml:28:18-86
36        android:debuggable="true"
37        android:extractNativeLibs="false"
38        android:icon="@drawable/ic_launcher"
38-->src/main/AndroidManifest.xml:19:9-45
39        android:label="@string/app_name"
39-->src/main/AndroidManifest.xml:20:9-41
40        android:largeHeap="true"
40-->src/main/AndroidManifest.xml:24:9-33
41        android:requestLegacyExternalStorage="true"
41-->src/main/AndroidManifest.xml:25:9-52
42        android:roundIcon="@drawable/ic_launcher"
42-->src/main/AndroidManifest.xml:21:9-50
43        android:supportsRtl="true"
43-->src/main/AndroidManifest.xml:22:9-35
44        android:testOnly="true"
45        android:theme="@style/Theme.VideoGenerator" >
45-->src/main/AndroidManifest.xml:23:9-52
46        <activity
46-->src/main/AndroidManifest.xml:28:9-36:20
47            android:name="com.videogenerator.presentation.ui.main.MainActivity"
47-->src/main/AndroidManifest.xml:29:13-62
48            android:exported="true"
48-->src/main/AndroidManifest.xml:30:13-36
49            android:windowSoftInputMode="adjustResize" >
49-->src/main/AndroidManifest.xml:31:13-55
50            <intent-filter>
50-->src/main/AndroidManifest.xml:32:13-35:29
51                <action android:name="android.intent.action.MAIN" />
51-->src/main/AndroidManifest.xml:33:17-69
51-->src/main/AndroidManifest.xml:33:25-66
52
53                <category android:name="android.intent.category.LAUNCHER" />
53-->src/main/AndroidManifest.xml:34:17-77
53-->src/main/AndroidManifest.xml:34:27-74
54            </intent-filter>
55        </activity>
56
57        <service
57-->src/main/AndroidManifest.xml:38:9-41:40
58            android:name="com.videogenerator.service.VideoGenerationService"
58-->src/main/AndroidManifest.xml:39:13-59
59            android:exported="false"
59-->src/main/AndroidManifest.xml:41:13-37
60            android:foregroundServiceType="dataSync" />
60-->src/main/AndroidManifest.xml:40:13-53
61
62        <provider
63            android:name="androidx.core.content.FileProvider"
63-->src/main/AndroidManifest.xml:44:13-62
64            android:authorities="com.videogenerator.fileprovider"
64-->src/main/AndroidManifest.xml:45:13-64
65            android:exported="false"
65-->src/main/AndroidManifest.xml:46:13-37
66            android:grantUriPermissions="true" >
66-->src/main/AndroidManifest.xml:47:13-47
67            <meta-data
67-->src/main/AndroidManifest.xml:48:13-50:54
68                android:name="android.support.FILE_PROVIDER_PATHS"
68-->src/main/AndroidManifest.xml:49:17-67
69                android:resource="@xml/file_paths" />
69-->src/main/AndroidManifest.xml:50:17-51
70        </provider>
71        <provider
71-->[androidx.emoji2:emoji2:1.2.0] AndroidManifest.xml:24:9-32:20
72            android:name="androidx.startup.InitializationProvider"
72-->[androidx.emoji2:emoji2:1.2.0] AndroidManifest.xml:25:13-67
73            android:authorities="com.videogenerator.androidx-startup"
73-->[androidx.emoji2:emoji2:1.2.0] AndroidManifest.xml:26:13-68
74            android:exported="false" >
74-->[androidx.emoji2:emoji2:1.2.0] AndroidManifest.xml:27:13-37
75            <meta-data
75-->[androidx.emoji2:emoji2:1.2.0] AndroidManifest.xml:29:13-31:52
76                android:name="androidx.emoji2.text.EmojiCompatInitializer"
76-->[androidx.emoji2:emoji2:1.2.0] AndroidManifest.xml:30:17-75
77                android:value="androidx.startup" />
77-->[androidx.emoji2:emoji2:1.2.0] AndroidManifest.xml:31:17-49
78            <meta-data
78-->[androidx.work:work-runtime:2.9.0] AndroidManifest.xml:34:13-36:52
79                android:name="androidx.work.WorkManagerInitializer"
79-->[androidx.work:work-runtime:2.9.0] AndroidManifest.xml:35:17-68
80                android:value="androidx.startup" />
80-->[androidx.work:work-runtime:2.9.0] AndroidManifest.xml:36:17-49
81            <meta-data
81-->[androidx.lifecycle:lifecycle-process:2.7.0] AndroidManifest.xml:29:13-31:52
82                android:name="androidx.lifecycle.ProcessLifecycleInitializer"
82-->[androidx.lifecycle:lifecycle-process:2.7.0] AndroidManifest.xml:30:17-78
83                android:value="androidx.startup" />
83-->[androidx.lifecycle:lifecycle-process:2.7.0] AndroidManifest.xml:31:17-49
84            <meta-data
84-->[androidx.profileinstaller:profileinstaller:1.3.0] AndroidManifest.xml:29:13-31:52
85                android:name="androidx.profileinstaller.ProfileInstallerInitializer"
85-->[androidx.profileinstaller:profileinstaller:1.3.0] AndroidManifest.xml:30:17-85
86                android:value="androidx.startup" />
86-->[androidx.profileinstaller:profileinstaller:1.3.0] AndroidManifest.xml:31:17-49
87        </provider>
88
89        <service
89-->[androidx.work:work-runtime:2.9.0] AndroidManifest.xml:39:9-45:35
90            android:name="androidx.work.impl.background.systemalarm.SystemAlarmService"
90-->[androidx.work:work-runtime:2.9.0] AndroidManifest.xml:40:13-88
91            android:directBootAware="false"
91-->[androidx.work:work-runtime:2.9.0] AndroidManifest.xml:41:13-44
92            android:enabled="@bool/enable_system_alarm_service_default"
92-->[androidx.work:work-runtime:2.9.0] AndroidManifest.xml:42:13-72
93            android:exported="false" />
93-->[androidx.work:work-runtime:2.9.0] AndroidManifest.xml:43:13-37
94        <service
94-->[androidx.work:work-runtime:2.9.0] AndroidManifest.xml:46:9-52:35
95            android:name="androidx.work.impl.background.systemjob.SystemJobService"
95-->[androidx.work:work-runtime:2.9.0] AndroidManifest.xml:47:13-84
96            android:directBootAware="false"
96-->[androidx.work:work-runtime:2.9.0] AndroidManifest.xml:48:13-44
97            android:enabled="@bool/enable_system_job_service_default"
97-->[androidx.work:work-runtime:2.9.0] AndroidManifest.xml:49:13-70
98            android:exported="true"
98-->[androidx.work:work-runtime:2.9.0] AndroidManifest.xml:50:13-36
99            android:permission="android.permission.BIND_JOB_SERVICE" />
99-->[androidx.work:work-runtime:2.9.0] AndroidManifest.xml:51:13-69
100        <service
100-->[androidx.work:work-runtime:2.9.0] AndroidManifest.xml:53:9-59:35
101            android:name="androidx.work.impl.foreground.SystemForegroundService"
101-->[androidx.work:work-runtime:2.9.0] AndroidManifest.xml:54:13-81
102            android:directBootAware="false"
102-->[androidx.work:work-runtime:2.9.0] AndroidManifest.xml:55:13-44
103            android:enabled="@bool/enable_system_foreground_service_default"
103-->[androidx.work:work-runtime:2.9.0] AndroidManifest.xml:56:13-77
104            android:exported="false" />
104-->[androidx.work:work-runtime:2.9.0] AndroidManifest.xml:57:13-37
105
106        <receiver
106-->[androidx.work:work-runtime:2.9.0] AndroidManifest.xml:61:9-66:35
107            android:name="androidx.work.impl.utils.ForceStopRunnable$BroadcastReceiver"
107-->[androidx.work:work-runtime:2.9.0] AndroidManifest.xml:62:13-88
108            android:directBootAware="false"
108-->[androidx.work:work-runtime:2.9.0] AndroidManifest.xml:63:13-44
109            android:enabled="true"
109-->[androidx.work:work-runtime:2.9.0] AndroidManifest.xml:64:13-35
110            android:exported="false" />
110-->[androidx.work:work-runtime:2.9.0] AndroidManifest.xml:65:13-37
111        <receiver
111-->[androidx.work:work-runtime:2.9.0] AndroidManifest.xml:67:9-77:20
112            android:name="androidx.work.impl.background.systemalarm.ConstraintProxy$BatteryChargingProxy"
112-->[androidx.work:work-runtime:2.9.0] AndroidManifest.xml:68:13-106
113            android:directBootAware="false"
113-->[androidx.work:work-runtime:2.9.0] AndroidManifest.xml:69:13-44
114            android:enabled="false"
114-->[androidx.work:work-runtime:2.9.0] AndroidManifest.xml:70:13-36
115            android:exported="false" >
115-->[androidx.work:work-runtime:2.9.0] AndroidManifest.xml:71:13-37
116            <intent-filter>
116-->[androidx.work:work-runtime:2.9.0] AndroidManifest.xml:73:13-76:29
117                <action android:name="android.intent.action.ACTION_POWER_CONNECTED" />
117-->[androidx.work:work-runtime:2.9.0] AndroidManifest.xml:74:17-87
117-->[androidx.work:work-runtime:2.9.0] AndroidManifest.xml:74:25-84
118                <action android:name="android.intent.action.ACTION_POWER_DISCONNECTED" />
118-->[androidx.work:work-runtime:2.9.0] AndroidManifest.xml:75:17-90
118-->[androidx.work:work-runtime:2.9.0] AndroidManifest.xml:75:25-87
119            </intent-filter>
120        </receiver>
121        <receiver
121-->[androidx.work:work-runtime:2.9.0] AndroidManifest.xml:78:9-88:20
122            android:name="androidx.work.impl.background.systemalarm.ConstraintProxy$BatteryNotLowProxy"
122-->[androidx.work:work-runtime:2.9.0] AndroidManifest.xml:79:13-104
123            android:directBootAware="false"
123-->[androidx.work:work-runtime:2.9.0] AndroidManifest.xml:80:13-44
124            android:enabled="false"
124-->[androidx.work:work-runtime:2.9.0] AndroidManifest.xml:81:13-36
125            android:exported="false" >
125-->[androidx.work:work-runtime:2.9.0] AndroidManifest.xml:82:13-37
126            <intent-filter>
126-->[androidx.work:work-runtime:2.9.0] AndroidManifest.xml:84:13-87:29
127                <action android:name="android.intent.action.BATTERY_OKAY" />
127-->[androidx.work:work-runtime:2.9.0] AndroidManifest.xml:85:17-77
127-->[androidx.work:work-runtime:2.9.0] AndroidManifest.xml:85:25-74
128                <action android:name="android.intent.action.BATTERY_LOW" />
128-->[androidx.work:work-runtime:2.9.0] AndroidManifest.xml:86:17-76
128-->[androidx.work:work-runtime:2.9.0] AndroidManifest.xml:86:25-73
129            </intent-filter>
130        </receiver>
131        <receiver
131-->[androidx.work:work-runtime:2.9.0] AndroidManifest.xml:89:9-99:20
132            android:name="androidx.work.impl.background.systemalarm.ConstraintProxy$StorageNotLowProxy"
132-->[androidx.work:work-runtime:2.9.0] AndroidManifest.xml:90:13-104
133            android:directBootAware="false"
133-->[androidx.work:work-runtime:2.9.0] AndroidManifest.xml:91:13-44
134            android:enabled="false"
134-->[androidx.work:work-runtime:2.9.0] AndroidManifest.xml:92:13-36
135            android:exported="false" >
135-->[androidx.work:work-runtime:2.9.0] AndroidManifest.xml:93:13-37
136            <intent-filter>
136-->[androidx.work:work-runtime:2.9.0] AndroidManifest.xml:95:13-98:29
137                <action android:name="android.intent.action.DEVICE_STORAGE_LOW" />
137-->[androidx.work:work-runtime:2.9.0] AndroidManifest.xml:96:17-83
137-->[androidx.work:work-runtime:2.9.0] AndroidManifest.xml:96:25-80
138                <action android:name="android.intent.action.DEVICE_STORAGE_OK" />
138-->[androidx.work:work-runtime:2.9.0] AndroidManifest.xml:97:17-82
138-->[androidx.work:work-runtime:2.9.0] AndroidManifest.xml:97:25-79
139            </intent-filter>
140        </receiver>
141        <receiver
141-->[androidx.work:work-runtime:2.9.0] AndroidManifest.xml:100:9-109:20
142            android:name="androidx.work.impl.background.systemalarm.ConstraintProxy$NetworkStateProxy"
142-->[androidx.work:work-runtime:2.9.0] AndroidManifest.xml:101:13-103
143            android:directBootAware="false"
143-->[androidx.work:work-runtime:2.9.0] AndroidManifest.xml:102:13-44
144            android:enabled="false"
144-->[androidx.work:work-runtime:2.9.0] AndroidManifest.xml:103:13-36
145            android:exported="false" >
145-->[androidx.work:work-runtime:2.9.0] AndroidManifest.xml:104:13-37
146            <intent-filter>
146-->[androidx.work:work-runtime:2.9.0] AndroidManifest.xml:106:13-108:29
147                <action android:name="android.net.conn.CONNECTIVITY_CHANGE" />
147-->[androidx.work:work-runtime:2.9.0] AndroidManifest.xml:107:17-79
147-->[androidx.work:work-runtime:2.9.0] AndroidManifest.xml:107:25-76
148            </intent-filter>
149        </receiver>
150        <receiver
150-->[androidx.work:work-runtime:2.9.0] AndroidManifest.xml:110:9-121:20
151            android:name="androidx.work.impl.background.systemalarm.RescheduleReceiver"
151-->[androidx.work:work-runtime:2.9.0] AndroidManifest.xml:111:13-88
152            android:directBootAware="false"
152-->[androidx.work:work-runtime:2.9.0] AndroidManifest.xml:112:13-44
153            android:enabled="false"
153-->[androidx.work:work-runtime:2.9.0] AndroidManifest.xml:113:13-36
154            android:exported="false" >
154-->[androidx.work:work-runtime:2.9.0] AndroidManifest.xml:114:13-37
155            <intent-filter>
155-->[androidx.work:work-runtime:2.9.0] AndroidManifest.xml:116:13-120:29
156                <action android:name="android.intent.action.BOOT_COMPLETED" />
156-->[androidx.work:work-runtime:2.9.0] AndroidManifest.xml:117:17-79
156-->[androidx.work:work-runtime:2.9.0] AndroidManifest.xml:117:25-76
157                <action android:name="android.intent.action.TIME_SET" />
157-->[androidx.work:work-runtime:2.9.0] AndroidManifest.xml:118:17-73
157-->[androidx.work:work-runtime:2.9.0] AndroidManifest.xml:118:25-70
158                <action android:name="android.intent.action.TIMEZONE_CHANGED" />
158-->[androidx.work:work-runtime:2.9.0] AndroidManifest.xml:119:17-81
158-->[androidx.work:work-runtime:2.9.0] AndroidManifest.xml:119:25-78
159            </intent-filter>
160        </receiver>
161        <receiver
161-->[androidx.work:work-runtime:2.9.0] AndroidManifest.xml:122:9-131:20
162            android:name="androidx.work.impl.background.systemalarm.ConstraintProxyUpdateReceiver"
162-->[androidx.work:work-runtime:2.9.0] AndroidManifest.xml:123:13-99
163            android:directBootAware="false"
163-->[androidx.work:work-runtime:2.9.0] AndroidManifest.xml:124:13-44
164            android:enabled="@bool/enable_system_alarm_service_default"
164-->[androidx.work:work-runtime:2.9.0] AndroidManifest.xml:125:13-72
165            android:exported="false" >
165-->[androidx.work:work-runtime:2.9.0] AndroidManifest.xml:126:13-37
166            <intent-filter>
166-->[androidx.work:work-runtime:2.9.0] AndroidManifest.xml:128:13-130:29
167                <action android:name="androidx.work.impl.background.systemalarm.UpdateProxies" />
167-->[androidx.work:work-runtime:2.9.0] AndroidManifest.xml:129:17-98
167-->[androidx.work:work-runtime:2.9.0] AndroidManifest.xml:129:25-95
168            </intent-filter>
169        </receiver>
170        <receiver
170-->[androidx.work:work-runtime:2.9.0] AndroidManifest.xml:132:9-142:20
171            android:name="androidx.work.impl.diagnostics.DiagnosticsReceiver"
171-->[androidx.work:work-runtime:2.9.0] AndroidManifest.xml:133:13-78
172            android:directBootAware="false"
172-->[androidx.work:work-runtime:2.9.0] AndroidManifest.xml:134:13-44
173            android:enabled="true"
173-->[androidx.work:work-runtime:2.9.0] AndroidManifest.xml:135:13-35
174            android:exported="true"
174-->[androidx.work:work-runtime:2.9.0] AndroidManifest.xml:136:13-36
175            android:permission="android.permission.DUMP" >
175-->[androidx.work:work-runtime:2.9.0] AndroidManifest.xml:137:13-57
176            <intent-filter>
176-->[androidx.work:work-runtime:2.9.0] AndroidManifest.xml:139:13-141:29
177                <action android:name="androidx.work.diagnostics.REQUEST_DIAGNOSTICS" />
177-->[androidx.work:work-runtime:2.9.0] AndroidManifest.xml:140:17-88
177-->[androidx.work:work-runtime:2.9.0] AndroidManifest.xml:140:25-85
178            </intent-filter>
179        </receiver>
180
181        <uses-library
181-->[androidx.window:window:1.0.0] AndroidManifest.xml:25:9-27:40
182            android:name="androidx.window.extensions"
182-->[androidx.window:window:1.0.0] AndroidManifest.xml:26:13-54
183            android:required="false" />
183-->[androidx.window:window:1.0.0] AndroidManifest.xml:27:13-37
184        <uses-library
184-->[androidx.window:window:1.0.0] AndroidManifest.xml:28:9-30:40
185            android:name="androidx.window.sidecar"
185-->[androidx.window:window:1.0.0] AndroidManifest.xml:29:13-51
186            android:required="false" />
186-->[androidx.window:window:1.0.0] AndroidManifest.xml:30:13-37
187
188        <service
188-->[androidx.room:room-runtime:2.6.1] AndroidManifest.xml:24:9-28:63
189            android:name="androidx.room.MultiInstanceInvalidationService"
189-->[androidx.room:room-runtime:2.6.1] AndroidManifest.xml:25:13-74
190            android:directBootAware="true"
190-->[androidx.room:room-runtime:2.6.1] AndroidManifest.xml:26:13-43
191            android:exported="false" />
191-->[androidx.room:room-runtime:2.6.1] AndroidManifest.xml:27:13-37
192
193        <receiver
193-->[androidx.profileinstaller:profileinstaller:1.3.0] AndroidManifest.xml:34:9-52:20
194            android:name="androidx.profileinstaller.ProfileInstallReceiver"
194-->[androidx.profileinstaller:profileinstaller:1.3.0] AndroidManifest.xml:35:13-76
195            android:directBootAware="false"
195-->[androidx.profileinstaller:profileinstaller:1.3.0] AndroidManifest.xml:36:13-44
196            android:enabled="true"
196-->[androidx.profileinstaller:profileinstaller:1.3.0] AndroidManifest.xml:37:13-35
197            android:exported="true"
197-->[androidx.profileinstaller:profileinstaller:1.3.0] AndroidManifest.xml:38:13-36
198            android:permission="android.permission.DUMP" >
198-->[androidx.profileinstaller:profileinstaller:1.3.0] AndroidManifest.xml:39:13-57
199            <intent-filter>
199-->[androidx.profileinstaller:profileinstaller:1.3.0] AndroidManifest.xml:40:13-42:29
200                <action android:name="androidx.profileinstaller.action.INSTALL_PROFILE" />
200-->[androidx.profileinstaller:profileinstaller:1.3.0] AndroidManifest.xml:41:17-91
200-->[androidx.profileinstaller:profileinstaller:1.3.0] AndroidManifest.xml:41:25-88
201            </intent-filter>
202            <intent-filter>
202-->[androidx.profileinstaller:profileinstaller:1.3.0] AndroidManifest.xml:43:13-45:29
203                <action android:name="androidx.profileinstaller.action.SKIP_FILE" />
203-->[androidx.profileinstaller:profileinstaller:1.3.0] AndroidManifest.xml:44:17-85
203-->[androidx.profileinstaller:profileinstaller:1.3.0] AndroidManifest.xml:44:25-82
204            </intent-filter>
205            <intent-filter>
205-->[androidx.profileinstaller:profileinstaller:1.3.0] AndroidManifest.xml:46:13-48:29
206                <action android:name="androidx.profileinstaller.action.SAVE_PROFILE" />
206-->[androidx.profileinstaller:profileinstaller:1.3.0] AndroidManifest.xml:47:17-88
206-->[androidx.profileinstaller:profileinstaller:1.3.0] AndroidManifest.xml:47:25-85
207            </intent-filter>
208            <intent-filter>
208-->[androidx.profileinstaller:profileinstaller:1.3.0] AndroidManifest.xml:49:13-51:29
209                <action android:name="androidx.profileinstaller.action.BENCHMARK_OPERATION" />
209-->[androidx.profileinstaller:profileinstaller:1.3.0] AndroidManifest.xml:50:17-95
209-->[androidx.profileinstaller:profileinstaller:1.3.0] AndroidManifest.xml:50:25-92
210            </intent-filter>
211        </receiver>
212    </application>
213
214</manifest>